<?xml version="1.0" encoding="UTF-8"?>
<!-- Generated by org.testng.reporters.JUnitReportReporter -->
<testsuite hostname="SONERs-iMac.lan1" name="com.hubspot.tests.LoginPageTest" tests="3" failures="0" timestamp="5 Jan 2020 20:01:08 GMT" time="31.992" errors="0">
  <testcase name="loginPageTitleTest" time="7.608" classname="com.hubspot.tests.LoginPageTest"/>
  <testcase name="loginTest1" time="11.190" classname="com.hubspot.tests.LoginPageTest"/>
  <testcase name="loginTest2" time="13.194" classname="com.hubspot.tests.LoginPageTest"/>
</testsuite> <!-- com.hubspot.tests.LoginPageTest -->
