<?xml version="1.0" encoding="UTF-8"?>
<!-- Generated by org.testng.reporters.JUnitReportReporter -->
<testsuite skipped="0" hostname="Bobs-MBP.fios-router.home" name="com.hubspot.tests.HomePageTest" tests="3" failures="0" timestamp="27 Nov 2019 05:53:13 GMT" time="59.673" errors="0">
  <testcase name="verifyHomePageTitleTest" time="19.447" classname="com.hubspot.tests.HomePageTest"/>
  <testcase name="verifyHomePageHeaderTest" time="20.022" classname="com.hubspot.tests.HomePageTest"/>
  <testcase name="verifyLoggedInUserInfo" time="20.204" classname="com.hubspot.tests.HomePageTest"/>
</testsuite> <!-- com.hubspot.tests.HomePageTest -->
